1661026632967	geckodriver	INFO	Listening on 127.0.0.1:33123
1661026633028	mozrunner::runner	INFO	Running command: "/usr/bin/firefox" "--marionette" "-headless" "--remote-debugging-port" "46375" "--remote-allow-hosts" "localhost" "-no-remote" "-profile" "/tmp/rust_mozprofileXIMChh"
*** You are running in headless mode.
console.warn: SearchSettings: "get: No settings file exists, new profile?" (new Error("", "(unknown module)"))
1661026634855	Marionette	INFO	Listening on port 39667
1661026634956	Marionette	WARN	TLS certificate errors will be ignored for this session
JavaScript error: resource://gre/modules/PartitioningExceptionListService.jsm, line 69: NS_ERROR_MALFORMED_URI: Component returned failure code: 0x804b000a (NS_ERROR_MALFORMED_URI) [nsIPartitioningExceptionListObserver.onExceptionListUpdate]
JavaScript error: http://tools.iedb.org/static/js/sequence_validation.js, line 89: TypeError: document.querySelector(...) is null
JavaScript error: http://tools.iedb.org/static/js/sequence_validation.js, line 89: TypeError: document.querySelector(...) is null
JavaScript error: http://tools.iedb.org/static/js/sequence_validation.js, line 89: TypeError: document.querySelector(...) is null
1661026642214	Marionette	INFO	Stopped listening on port 39667
1661026642561	geckodriver	INFO	Listening on 127.0.0.1:40527
1661026642612	mozrunner::runner	INFO	Running command: "/usr/bin/firefox" "--marionette" "-headless" "--remote-debugging-port" "50637" "--remote-allow-hosts" "localhost" "-no-remote" "-profile" "/tmp/rust_mozprofilebq1yoK"
*** You are running in headless mode.
console.warn: SearchSettings: "get: No settings file exists, new profile?" (new Error("", "(unknown module)"))
1661026644360	Marionette	INFO	Listening on port 39091
1661026644435	Marionette	WARN	TLS certificate errors will be ignored for this session
JavaScript error: resource://gre/modules/PartitioningExceptionListService.jsm, line 69: NS_ERROR_MALFORMED_URI: Component returned failure code: 0x804b000a (NS_ERROR_MALFORMED_URI) [nsIPartitioningExceptionListObserver.onExceptionListUpdate]
JavaScript error: http://tools.iedb.org/static/js/sequence_validation.js, line 89: TypeError: document.querySelector(...) is null
JavaScript error: http://tools.iedb.org/static/js/sequence_validation.js, line 89: TypeError: document.querySelector(...) is null
JavaScript error: http://tools.iedb.org/static/js/sequence_validation.js, line 89: TypeError: document.querySelector(...) is null
1661026650025	Marionette	INFO	Stopped listening on port 39091
1661026650371	geckodriver	INFO	Listening on 127.0.0.1:56901
1661026650422	mozrunner::runner	INFO	Running command: "/usr/bin/firefox" "--marionette" "-headless" "--remote-debugging-port" "36033" "--remote-allow-hosts" "localhost" "-no-remote" "-profile" "/tmp/rust_mozprofilevdiKMJ"
*** You are running in headless mode.
console.warn: SearchSettings: "get: No settings file exists, new profile?" (new Error("", "(unknown module)"))
1661026652343	Marionette	INFO	Listening on port 44493
1661026652445	Marionette	WARN	TLS certificate errors will be ignored for this session
JavaScript error: resource://gre/modules/PartitioningExceptionListService.jsm, line 69: NS_ERROR_MALFORMED_URI: Component returned failure code: 0x804b000a (NS_ERROR_MALFORMED_URI) [nsIPartitioningExceptionListObserver.onExceptionListUpdate]
JavaScript error: http://tools.iedb.org/static/js/sequence_validation.js, line 89: TypeError: document.querySelector(...) is null
JavaScript error: http://tools.iedb.org/static/js/sequence_validation.js, line 89: TypeError: document.querySelector(...) is null
JavaScript error: http://tools.iedb.org/static/js/sequence_validation.js, line 89: TypeError: document.querySelector(...) is null
1661026656348	geckodriver	INFO	Listening on 127.0.0.1:50375
1661026656411	mozrunner::runner	INFO	Running command: "/usr/bin/firefox" "--marionette" "-headless" "--remote-debugging-port" "44609" "--remote-allow-hosts" "localhost" "-no-remote" "-profile" "/tmp/rust_mozprofileDx912y"
*** You are running in headless mode.
console.warn: SearchSettings: "get: No settings file exists, new profile?" (new Error("", "(unknown module)"))
1661026658295	Marionette	INFO	Listening on port 42197
1661026658340	Marionette	WARN	TLS certificate errors will be ignored for this session
JavaScript error: resource://gre/modules/PartitioningExceptionListService.jsm, line 69: NS_ERROR_MALFORMED_URI: Component returned failure code: 0x804b000a (NS_ERROR_MALFORMED_URI) [nsIPartitioningExceptionListObserver.onExceptionListUpdate]
1661026659251	geckodriver	INFO	Listening on 127.0.0.1:52185
1661026659316	mozrunner::runner	INFO	Running command: "/usr/bin/firefox" "--marionette" "-headless" "--remote-debugging-port" "46651" "--remote-allow-hosts" "localhost" "-no-remote" "-profile" "/tmp/rust_mozprofilef0a4yq"
*** You are running in headless mode.
JavaScript error: http://tools.iedb.org/static/js/sequence_validation.js, line 89: TypeError: document.querySelector(...) is null
console.warn: SearchSettings: "get: No settings file exists, new profile?" (new Error("", "(unknown module)"))
JavaScript error: http://tools.iedb.org/static/js/sequence_validation.js, line 89: TypeError: document.querySelector(...) is null
1661026661224	Marionette	INFO	Listening on port 38213
1661026661338	Marionette	WARN	TLS certificate errors will be ignored for this session
JavaScript error: resource://gre/modules/PartitioningExceptionListService.jsm, line 69: NS_ERROR_MALFORMED_URI: Component returned failure code: 0x804b000a (NS_ERROR_MALFORMED_URI) [nsIPartitioningExceptionListObserver.onExceptionListUpdate]
JavaScript error: http://tools.iedb.org/static/js/sequence_validation.js, line 89: TypeError: document.querySelector(...) is null
1661026663457	Marionette	INFO	Stopped listening on port 42197

###!!! [Parent][RunMessage] Error: Channel closing: too late to send/recv, messages will be lost

1661026663807	geckodriver	INFO	Listening on 127.0.0.1:48291
1661026663861	mozrunner::runner	INFO	Running command: "/usr/bin/firefox" "--marionette" "-headless" "--remote-debugging-port" "43997" "--remote-allow-hosts" "localhost" "-no-remote" "-profile" "/tmp/rust_mozprofileupJnt0"
*** You are running in headless mode.
console.warn: SearchSettings: "get: No settings file exists, new profile?" (new Error("", "(unknown module)"))
1661026665693	Marionette	INFO	Listening on port 33659
JavaScript error: resource://gre/modules/PartitioningExceptionListService.jsm, line 69: NS_ERROR_MALFORMED_URI: Component returned failure code: 0x804b000a (NS_ERROR_MALFORMED_URI) [nsIPartitioningExceptionListObserver.onExceptionListUpdate]
1661026665785	Marionette	WARN	TLS certificate errors will be ignored for this session
JavaScript error: http://tools.iedb.org/static/js/sequence_validation.js, line 89: TypeError: document.querySelector(...) is null
JavaScript error: http://tools.iedb.org/static/js/sequence_validation.js, line 89: TypeError: document.querySelector(...) is null
JavaScript error: http://tools.iedb.org/static/js/sequence_validation.js, line 89: TypeError: document.querySelector(...) is null
1661026672057	Marionette	INFO	Stopped listening on port 33659
1661026672423	geckodriver	INFO	Listening on 127.0.0.1:53545
1661026672470	mozrunner::runner	INFO	Running command: "/usr/bin/firefox" "--marionette" "-headless" "--remote-debugging-port" "59063" "--remote-allow-hosts" "localhost" "-no-remote" "-profile" "/tmp/rust_mozprofilesTlky8"
*** You are running in headless mode.
console.warn: SearchSettings: "get: No settings file exists, new profile?" (new Error("", "(unknown module)"))
1661026674380	Marionette	INFO	Listening on port 39957
1661026674496	Marionette	WARN	TLS certificate errors will be ignored for this session
JavaScript error: resource://gre/modules/PartitioningExceptionListService.jsm, line 69: NS_ERROR_MALFORMED_URI: Component returned failure code: 0x804b000a (NS_ERROR_MALFORMED_URI) [nsIPartitioningExceptionListObserver.onExceptionListUpdate]
JavaScript error: http://tools.iedb.org/static/js/sequence_validation.js, line 89: TypeError: document.querySelector(...) is null
1661026711683	Marionette	INFO	Stopped listening on port 38213

###!!! [Parent][RunMessage] Error: Channel closing: too late to send/recv, messages will be lost


###!!! [Parent][RunMessage] Error: Channel closing: too late to send/recv, messages will be lost

1661026712081	geckodriver	INFO	Listening on 127.0.0.1:43453
1661026712134	mozrunner::runner	INFO	Running command: "/usr/bin/firefox" "--marionette" "-headless" "--remote-debugging-port" "34151" "--remote-allow-hosts" "localhost" "-no-remote" "-profile" "/tmp/rust_mozprofileRFGcpY"
*** You are running in headless mode.
console.warn: SearchSettings: "get: No settings file exists, new profile?" (new Error("", "(unknown module)"))
1661026713914	Marionette	INFO	Listening on port 46557
1661026713959	Marionette	WARN	TLS certificate errors will be ignored for this session
JavaScript error: resource://gre/modules/PartitioningExceptionListService.jsm, line 69: NS_ERROR_MALFORMED_URI: Component returned failure code: 0x804b000a (NS_ERROR_MALFORMED_URI) [nsIPartitioningExceptionListObserver.onExceptionListUpdate]
JavaScript error: http://tools.iedb.org/static/js/sequence_validation.js, line 89: TypeError: document.querySelector(...) is null
1661026716149	Marionette	INFO	Stopped listening on port 46557

###!!! [Parent][RunMessage] Error: Channel closing: too late to send/recv, messages will be lost


###!!! [Parent][RunMessage] Error: Channel closing: too late to send/recv, messages will be lost

1661026716494	geckodriver	INFO	Listening on 127.0.0.1:51169
1661026716545	mozrunner::runner	INFO	Running command: "/usr/bin/firefox" "--marionette" "-headless" "--remote-debugging-port" "55039" "--remote-allow-hosts" "localhost" "-no-remote" "-profile" "/tmp/rust_mozprofilelOwb7b"
*** You are running in headless mode.
console.warn: SearchSettings: "get: No settings file exists, new profile?" (new Error("", "(unknown module)"))
1661026718331	Marionette	INFO	Listening on port 37035
1661026718380	Marionette	WARN	TLS certificate errors will be ignored for this session
JavaScript error: resource://gre/modules/PartitioningExceptionListService.jsm, line 69: NS_ERROR_MALFORMED_URI: Component returned failure code: 0x804b000a (NS_ERROR_MALFORMED_URI) [nsIPartitioningExceptionListObserver.onExceptionListUpdate]
JavaScript error: http://tools.iedb.org/conservancy/, line 33: SyntaxError: JSON.parse: unexpected end of data at line 1 column 1 of the JSON data
JavaScript error: http://tools.iedb.org/static/js/sequence_validation.js, line 89: TypeError: document.querySelector(...) is null
1661026856260	geckodriver	INFO	Listening on 127.0.0.1:49073
1661026856330	mozrunner::runner	INFO	Running command: "/usr/bin/firefox" "--marionette" "-headless" "--remote-debugging-port" "53733" "--remote-allow-hosts" "localhost" "-no-remote" "-profile" "/tmp/rust_mozprofilerDh1xg"
*** You are running in headless mode.
console.warn: SearchSettings: "get: No settings file exists, new profile?" (new Error("", "(unknown module)"))
1661026858136	Marionette	INFO	Listening on port 33651
1661026858251	Marionette	WARN	TLS certificate errors will be ignored for this session
JavaScript error: resource://gre/modules/PartitioningExceptionListService.jsm, line 69: NS_ERROR_MALFORMED_URI: Component returned failure code: 0x804b000a (NS_ERROR_MALFORMED_URI) [nsIPartitioningExceptionListObserver.onExceptionListUpdate]
JavaScript error: http://tools.iedb.org/static/js/sequence_validation.js, line 89: TypeError: document.querySelector(...) is null
JavaScript error: http://tools.iedb.org/static/js/sequence_validation.js, line 89: TypeError: document.querySelector(...) is null
JavaScript error: http://tools.iedb.org/static/js/sequence_validation.js, line 89: TypeError: document.querySelector(...) is null
1661026866811	Marionette	INFO	Stopped listening on port 33651
1661026867164	geckodriver	INFO	Listening on 127.0.0.1:56505
1661026867214	mozrunner::runner	INFO	Running command: "/usr/bin/firefox" "--marionette" "-headless" "--remote-debugging-port" "45053" "--remote-allow-hosts" "localhost" "-no-remote" "-profile" "/tmp/rust_mozprofileTr4AvP"
*** You are running in headless mode.
console.warn: SearchSettings: "get: No settings file exists, new profile?" (new Error("", "(unknown module)"))
1661026869061	Marionette	INFO	Listening on port 39411
1661026869138	Marionette	WARN	TLS certificate errors will be ignored for this session
JavaScript error: resource://gre/modules/PartitioningExceptionListService.jsm, line 69: NS_ERROR_MALFORMED_URI: Component returned failure code: 0x804b000a (NS_ERROR_MALFORMED_URI) [nsIPartitioningExceptionListObserver.onExceptionListUpdate]
JavaScript error: http://tools.iedb.org/static/js/sequence_validation.js, line 89: TypeError: document.querySelector(...) is null
JavaScript error: http://tools.iedb.org/static/js/sequence_validation.js, line 89: TypeError: document.querySelector(...) is null
JavaScript error: http://tools.iedb.org/static/js/sequence_validation.js, line 89: TypeError: document.querySelector(...) is null
1661026874944	Marionette	INFO	Stopped listening on port 39411

###!!! [Parent][RunMessage] Error: Channel closing: too late to send/recv, messages will be lost

1661026875297	geckodriver	INFO	Listening on 127.0.0.1:54387
1661026875355	mozrunner::runner	INFO	Running command: "/usr/bin/firefox" "--marionette" "-headless" "--remote-debugging-port" "42973" "--remote-allow-hosts" "localhost" "-no-remote" "-profile" "/tmp/rust_mozprofilepo2wuc"
*** You are running in headless mode.
console.warn: SearchSettings: "get: No settings file exists, new profile?" (new Error("", "(unknown module)"))
1661026877226	Marionette	INFO	Listening on port 33669
1661026877286	Marionette	WARN	TLS certificate errors will be ignored for this session
JavaScript error: resource://gre/modules/PartitioningExceptionListService.jsm, line 69: NS_ERROR_MALFORMED_URI: Component returned failure code: 0x804b000a (NS_ERROR_MALFORMED_URI) [nsIPartitioningExceptionListObserver.onExceptionListUpdate]
JavaScript error: http://tools.iedb.org/static/js/sequence_validation.js, line 89: TypeError: document.querySelector(...) is null
JavaScript error: http://tools.iedb.org/static/js/sequence_validation.js, line 89: TypeError: document.querySelector(...) is null
1661026881723	geckodriver	INFO	Listening on 127.0.0.1:54495
1661026881792	mozrunner::runner	INFO	Running command: "/usr/bin/firefox" "--marionette" "-headless" "--remote-debugging-port" "47067" "--remote-allow-hosts" "localhost" "-no-remote" "-profile" "/tmp/rust_mozprofileWB9mxq"
*** You are running in headless mode.
console.warn: SearchSettings: "get: No settings file exists, new profile?" (new Error("", "(unknown module)"))
1661026883596	Marionette	INFO	Listening on port 38815
1661026883714	Marionette	WARN	TLS certificate errors will be ignored for this session
JavaScript error: resource://gre/modules/PartitioningExceptionListService.jsm, line 69: NS_ERROR_MALFORMED_URI: Component returned failure code: 0x804b000a (NS_ERROR_MALFORMED_URI) [nsIPartitioningExceptionListObserver.onExceptionListUpdate]
JavaScript error: http://tools.iedb.org/static/js/sequence_validation.js, line 89: TypeError: document.querySelector(...) is null
JavaScript error: http://tools.iedb.org/static/js/sequence_validation.js, line 89: TypeError: document.querySelector(...) is null
JavaScript error: http://tools.iedb.org/static/js/sequence_validation.js, line 89: TypeError: document.querySelector(...) is null
1661026889941	Marionette	INFO	Stopped listening on port 38815
1661026890295	geckodriver	INFO	Listening on 127.0.0.1:53089
1661026890868	mozrunner::runner	INFO	Running command: "/usr/bin/firefox" "--marionette" "-headless" "--remote-debugging-port" "46993" "--remote-allow-hosts" "localhost" "-no-remote" "-profile" "/tmp/rust_mozprofileNvLWyy"
*** You are running in headless mode.
console.warn: SearchSettings: "get: No settings file exists, new profile?" (new Error("", "(unknown module)"))
1661026892738	Marionette	INFO	Listening on port 33197
1661026892792	Marionette	WARN	TLS certificate errors will be ignored for this session
JavaScript error: resource://gre/modules/PartitioningExceptionListService.jsm, line 69: NS_ERROR_MALFORMED_URI: Component returned failure code: 0x804b000a (NS_ERROR_MALFORMED_URI) [nsIPartitioningExceptionListObserver.onExceptionListUpdate]
JavaScript error: http://tools.iedb.org/static/js/sequence_validation.js, line 89: TypeError: document.querySelector(...) is null
JavaScript error: http://tools.iedb.org/static/js/sequence_validation.js, line 89: TypeError: document.querySelector(...) is null
JavaScript error: http://tools.iedb.org/static/js/sequence_validation.js, line 89: TypeError: document.querySelector(...) is null
1661026899947	geckodriver	INFO	Listening on 127.0.0.1:57787
1661026900011	mozrunner::runner	INFO	Running command: "/usr/bin/firefox" "--marionette" "-headless" "--remote-debugging-port" "56023" "--remote-allow-hosts" "localhost" "-no-remote" "-profile" "/tmp/rust_mozprofileFa6cUs"
*** You are running in headless mode.
console.warn: SearchSettings: "get: No settings file exists, new profile?" (new Error("", "(unknown module)"))
1661026901868	Marionette	INFO	Listening on port 35729
1661026901938	Marionette	WARN	TLS certificate errors will be ignored for this session
JavaScript error: resource://gre/modules/PartitioningExceptionListService.jsm, line 69: NS_ERROR_MALFORMED_URI: Component returned failure code: 0x804b000a (NS_ERROR_MALFORMED_URI) [nsIPartitioningExceptionListObserver.onExceptionListUpdate]
JavaScript error: http://tools.iedb.org/static/js/sequence_validation.js, line 89: TypeError: document.querySelector(...) is null
JavaScript error: http://tools.iedb.org/static/js/sequence_validation.js, line 89: TypeError: document.querySelector(...) is null
JavaScript error: http://tools.iedb.org/static/js/sequence_validation.js, line 89: TypeError: document.querySelector(...) is null
1661026906440	Marionette	INFO	Stopped listening on port 35729

###!!! [Parent][RunMessage] Error: Channel closing: too late to send/recv, messages will be lost

1661026906788	geckodriver	INFO	Listening on 127.0.0.1:55427
1661026906840	mozrunner::runner	INFO	Running command: "/usr/bin/firefox" "--marionette" "-headless" "--remote-debugging-port" "49993" "--remote-allow-hosts" "localhost" "-no-remote" "-profile" "/tmp/rust_mozprofile68PRxL"
*** You are running in headless mode.
console.warn: SearchSettings: "get: No settings file exists, new profile?" (new Error("", "(unknown module)"))
1661026908666	Marionette	INFO	Listening on port 46745
1661026908765	Marionette	WARN	TLS certificate errors will be ignored for this session
JavaScript error: resource://gre/modules/PartitioningExceptionListService.jsm, line 69: NS_ERROR_MALFORMED_URI: Component returned failure code: 0x804b000a (NS_ERROR_MALFORMED_URI) [nsIPartitioningExceptionListObserver.onExceptionListUpdate]
JavaScript error: http://tools.iedb.org/static/js/sequence_validation.js, line 89: TypeError: document.querySelector(...) is null
JavaScript error: http://tools.iedb.org/static/js/sequence_validation.js, line 89: TypeError: document.querySelector(...) is null
1661026930550	geckodriver	INFO	Listening on 127.0.0.1:36977
1661026930622	mozrunner::runner	INFO	Running command: "/usr/bin/firefox" "--marionette" "-headless" "--remote-debugging-port" "49363" "--remote-allow-hosts" "localhost" "-no-remote" "-profile" "/tmp/rust_mozprofile1ISpvE"
*** You are running in headless mode.
console.warn: SearchSettings: "get: No settings file exists, new profile?" (new Error("", "(unknown module)"))
1661026932525	Marionette	INFO	Listening on port 45531
1661026932551	Marionette	WARN	TLS certificate errors will be ignored for this session
JavaScript error: resource://gre/modules/PartitioningExceptionListService.jsm, line 69: NS_ERROR_MALFORMED_URI: Component returned failure code: 0x804b000a (NS_ERROR_MALFORMED_URI) [nsIPartitioningExceptionListObserver.onExceptionListUpdate]
JavaScript error: http://tools.iedb.org/static/js/sequence_validation.js, line 89: TypeError: document.querySelector(...) is null
JavaScript error: http://tools.iedb.org/static/js/sequence_validation.js, line 89: TypeError: document.querySelector(...) is null
JavaScript error: http://tools.iedb.org/static/js/sequence_validation.js, line 89: TypeError: document.querySelector(...) is null
1661026963193	Marionette	INFO	Stopped listening on port 45531
1661026963541	geckodriver	INFO	Listening on 127.0.0.1:44891
1661026963626	mozrunner::runner	INFO	Running command: "/usr/bin/firefox" "--marionette" "-headless" "--remote-debugging-port" "45643" "--remote-allow-hosts" "localhost" "-no-remote" "-profile" "/tmp/rust_mozprofileyNrDMj"
*** You are running in headless mode.
console.warn: SearchSettings: "get: No settings file exists, new profile?" (new Error("", "(unknown module)"))
1661026965503	Marionette	INFO	Listening on port 44107
1661026965549	Marionette	WARN	TLS certificate errors will be ignored for this session
JavaScript error: resource://gre/modules/PartitioningExceptionListService.jsm, line 69: NS_ERROR_MALFORMED_URI: Component returned failure code: 0x804b000a (NS_ERROR_MALFORMED_URI) [nsIPartitioningExceptionListObserver.onExceptionListUpdate]
JavaScript error: http://tools.iedb.org/static/js/sequence_validation.js, line 89: TypeError: document.querySelector(...) is null
JavaScript error: http://tools.iedb.org/static/js/sequence_validation.js, line 89: TypeError: document.querySelector(...) is null
JavaScript error: http://tools.iedb.org/static/js/sequence_validation.js, line 89: TypeError: document.querySelector(...) is null
1661026976514	Marionette	INFO	Stopped listening on port 44107
1661026976866	geckodriver	INFO	Listening on 127.0.0.1:37431
1661026976944	mozrunner::runner	INFO	Running command: "/usr/bin/firefox" "--marionette" "-headless" "--remote-debugging-port" "60375" "--remote-allow-hosts" "localhost" "-no-remote" "-profile" "/tmp/rust_mozprofilelfhEgs"
*** You are running in headless mode.
console.warn: SearchSettings: "get: No settings file exists, new profile?" (new Error("", "(unknown module)"))
1661026978787	Marionette	INFO	Listening on port 41197
1661026978868	Marionette	WARN	TLS certificate errors will be ignored for this session
JavaScript error: resource://gre/modules/PartitioningExceptionListService.jsm, line 69: NS_ERROR_MALFORMED_URI: Component returned failure code: 0x804b000a (NS_ERROR_MALFORMED_URI) [nsIPartitioningExceptionListObserver.onExceptionListUpdate]
JavaScript error: http://tools.iedb.org/static/js/sequence_validation.js, line 89: TypeError: document.querySelector(...) is null
JavaScript error: http://tools.iedb.org/static/js/sequence_validation.js, line 89: TypeError: document.querySelector(...) is null
JavaScript error: http://tools.iedb.org/static/js/sequence_validation.js, line 89: TypeError: document.querySelector(...) is null
1661026983213	Marionette	INFO	Stopped listening on port 41197
1661026983560	geckodriver	INFO	Listening on 127.0.0.1:56127
1661026983619	mozrunner::runner	INFO	Running command: "/usr/bin/firefox" "--marionette" "-headless" "--remote-debugging-port" "48903" "--remote-allow-hosts" "localhost" "-no-remote" "-profile" "/tmp/rust_mozprofile32YqHN"
*** You are running in headless mode.
console.warn: SearchSettings: "get: No settings file exists, new profile?" (new Error("", "(unknown module)"))
1661026985451	Marionette	INFO	Listening on port 43509
1661026985540	Marionette	WARN	TLS certificate errors will be ignored for this session
JavaScript error: resource://gre/modules/PartitioningExceptionListService.jsm, line 69: NS_ERROR_MALFORMED_URI: Component returned failure code: 0x804b000a (NS_ERROR_MALFORMED_URI) [nsIPartitioningExceptionListObserver.onExceptionListUpdate]
JavaScript error: http://tools.iedb.org/static/js/sequence_validation.js, line 89: TypeError: document.querySelector(...) is null
JavaScript error: http://tools.iedb.org/static/js/sequence_validation.js, line 89: TypeError: document.querySelector(...) is null
JavaScript error: http://tools.iedb.org/static/js/sequence_validation.js, line 89: TypeError: document.querySelector(...) is null
1661026991542	Marionette	INFO	Stopped listening on port 43509

###!!! [Child][MessageChannel] Error: (msgtype=0x5A000A,name=PHttpChannel::Msg_DeletingChannel) Channel closing: too late to send/recv, messages will be lost

1661026991891	geckodriver	INFO	Listening on 127.0.0.1:35729
1661026991943	mozrunner::runner	INFO	Running command: "/usr/bin/firefox" "--marionette" "-headless" "--remote-debugging-port" "34265" "--remote-allow-hosts" "localhost" "-no-remote" "-profile" "/tmp/rust_mozprofileptU2WI"
*** You are running in headless mode.
console.warn: SearchSettings: "get: No settings file exists, new profile?" (new Error("", "(unknown module)"))
1661026993734	Marionette	INFO	Listening on port 45841
1661026993777	Marionette	WARN	TLS certificate errors will be ignored for this session
JavaScript error: resource://gre/modules/PartitioningExceptionListService.jsm, line 69: NS_ERROR_MALFORMED_URI: Component returned failure code: 0x804b000a (NS_ERROR_MALFORMED_URI) [nsIPartitioningExceptionListObserver.onExceptionListUpdate]
JavaScript error: http://tools.iedb.org/static/js/sequence_validation.js, line 89: TypeError: document.querySelector(...) is null
JavaScript error: http://tools.iedb.org/static/js/sequence_validation.js, line 89: TypeError: document.querySelector(...) is null
JavaScript error: http://tools.iedb.org/static/js/sequence_validation.js, line 89: TypeError: document.querySelector(...) is null
1661027006910	Marionette	INFO	Stopped listening on port 45841

###!!! [Parent][RunMessage] Error: Channel closing: too late to send/recv, messages will be lost

1661027007269	geckodriver	INFO	Listening on 127.0.0.1:48061
1661027007320	mozrunner::runner	INFO	Running command: "/usr/bin/firefox" "--marionette" "-headless" "--remote-debugging-port" "43065" "--remote-allow-hosts" "localhost" "-no-remote" "-profile" "/tmp/rust_mozprofiledZaVGc"
*** You are running in headless mode.
console.warn: SearchSettings: "get: No settings file exists, new profile?" (new Error("", "(unknown module)"))
1661027009146	Marionette	INFO	Listening on port 33935
1661027009243	Marionette	WARN	TLS certificate errors will be ignored for this session
JavaScript error: resource://gre/modules/PartitioningExceptionListService.jsm, line 69: NS_ERROR_MALFORMED_URI: Component returned failure code: 0x804b000a (NS_ERROR_MALFORMED_URI) [nsIPartitioningExceptionListObserver.onExceptionListUpdate]
JavaScript error: http://tools.iedb.org/static/js/sequence_validation.js, line 89: TypeError: document.querySelector(...) is null
JavaScript error: http://tools.iedb.org/static/js/sequence_validation.js, line 89: TypeError: document.querySelector(...) is null
JavaScript error: http://tools.iedb.org/static/js/sequence_validation.js, line 89: TypeError: document.querySelector(...) is null
1661027014389	Marionette	INFO	Stopped listening on port 33935

###!!! [Child][RunMessage] Error: Channel closing: too late to send/recv, messages will be lost

1661027014812	geckodriver	INFO	Listening on 127.0.0.1:37083
1661027014865	mozrunner::runner	INFO	Running command: "/usr/bin/firefox" "--marionette" "-headless" "--remote-debugging-port" "56529" "--remote-allow-hosts" "localhost" "-no-remote" "-profile" "/tmp/rust_mozprofilefr2Q0X"
*** You are running in headless mode.
console.warn: SearchSettings: "get: No settings file exists, new profile?" (new Error("", "(unknown module)"))
1661027016696	Marionette	INFO	Listening on port 42847
1661027016792	Marionette	WARN	TLS certificate errors will be ignored for this session
JavaScript error: resource://gre/modules/PartitioningExceptionListService.jsm, line 69: NS_ERROR_MALFORMED_URI: Component returned failure code: 0x804b000a (NS_ERROR_MALFORMED_URI) [nsIPartitioningExceptionListObserver.onExceptionListUpdate]
JavaScript error: http://tools.iedb.org/static/js/sequence_validation.js, line 89: TypeError: document.querySelector(...) is null
JavaScript error: http://tools.iedb.org/static/js/sequence_validation.js, line 89: TypeError: document.querySelector(...) is null
JavaScript error: http://tools.iedb.org/static/js/sequence_validation.js, line 89: TypeError: document.querySelector(...) is null
1661027195717	Marionette	INFO	Stopped listening on port 42847
1661027195967	geckodriver	INFO	Listening on 127.0.0.1:50073
1661027196171	mozrunner::runner	INFO	Running command: "/usr/bin/firefox" "--marionette" "-headless" "--remote-debugging-port" "56447" "--remote-allow-hosts" "localhost" "-no-remote" "-profile" "/tmp/rust_mozprofilegsMB4c"
*** You are running in headless mode.
console.warn: SearchSettings: "get: No settings file exists, new profile?" (new Error("", "(unknown module)"))
1661027198328	Marionette	INFO	Listening on port 39263
1661027198394	Marionette	WARN	TLS certificate errors will be ignored for this session
JavaScript error: resource://gre/modules/PartitioningExceptionListService.jsm, line 69: NS_ERROR_MALFORMED_URI: Component returned failure code: 0x804b000a (NS_ERROR_MALFORMED_URI) [nsIPartitioningExceptionListObserver.onExceptionListUpdate]
JavaScript error: http://tools.iedb.org/static/js/sequence_validation.js, line 89: TypeError: document.querySelector(...) is null
JavaScript error: http://tools.iedb.org/static/js/sequence_validation.js, line 89: TypeError: document.querySelector(...) is null
JavaScript error: http://tools.iedb.org/static/js/sequence_validation.js, line 89: TypeError: document.querySelector(...) is null
1661027315928	Marionette	INFO	Stopped listening on port 39263

###!!! [Parent][RunMessage] Error: Channel closing: too late to send/recv, messages will be lost

1661027316280	geckodriver	INFO	Listening on 127.0.0.1:45035
1661027316358	mozrunner::runner	INFO	Running command: "/usr/bin/firefox" "--marionette" "-headless" "--remote-debugging-port" "49697" "--remote-allow-hosts" "localhost" "-no-remote" "-profile" "/tmp/rust_mozprofilerJgnWh"
*** You are running in headless mode.
console.warn: SearchSettings: "get: No settings file exists, new profile?" (new Error("", "(unknown module)"))
1661027318175	Marionette	INFO	Listening on port 41095
1661027318280	Marionette	WARN	TLS certificate errors will be ignored for this session
JavaScript error: resource://gre/modules/PartitioningExceptionListService.jsm, line 69: NS_ERROR_MALFORMED_URI: Component returned failure code: 0x804b000a (NS_ERROR_MALFORMED_URI) [nsIPartitioningExceptionListObserver.onExceptionListUpdate]
JavaScript error: http://tools.iedb.org/static/js/sequence_validation.js, line 89: TypeError: document.querySelector(...) is null
JavaScript error: http://tools.iedb.org/static/js/sequence_validation.js, line 89: TypeError: document.querySelector(...) is null
JavaScript error: http://tools.iedb.org/static/js/sequence_validation.js, line 89: TypeError: document.querySelector(...) is null
1661027355463	Marionette	INFO	Stopped listening on port 41095
1661027355815	geckodriver	INFO	Listening on 127.0.0.1:51417
1661027355865	mozrunner::runner	INFO	Running command: "/usr/bin/firefox" "--marionette" "-headless" "--remote-debugging-port" "39407" "--remote-allow-hosts" "localhost" "-no-remote" "-profile" "/tmp/rust_mozprofileMQAuyL"
*** You are running in headless mode.
console.warn: SearchSettings: "get: No settings file exists, new profile?" (new Error("", "(unknown module)"))
1661027357711	Marionette	INFO	Listening on port 41835
1661027357787	Marionette	WARN	TLS certificate errors will be ignored for this session
JavaScript error: resource://gre/modules/PartitioningExceptionListService.jsm, line 69: NS_ERROR_MALFORMED_URI: Component returned failure code: 0x804b000a (NS_ERROR_MALFORMED_URI) [nsIPartitioningExceptionListObserver.onExceptionListUpdate]
JavaScript error: http://tools.iedb.org/static/js/sequence_validation.js, line 89: TypeError: document.querySelector(...) is null
JavaScript error: http://tools.iedb.org/static/js/sequence_validation.js, line 89: TypeError: document.querySelector(...) is null
JavaScript error: http://tools.iedb.org/static/js/sequence_validation.js, line 89: TypeError: document.querySelector(...) is null
JavaScript error: http://tools.iedb.org/static/js/sequence_validation.js, line 89: TypeError: document.querySelector(...) is null
1661027383166	Marionette	INFO	Stopped listening on port 41835

###!!! [Parent][RunMessage] Error: Channel closing: too late to send/recv, messages will be lost

1661027383551	geckodriver	INFO	Listening on 127.0.0.1:60087
1661027384284	mozrunner::runner	INFO	Running command: "/usr/bin/firefox" "--marionette" "-headless" "--remote-debugging-port" "37501" "--remote-allow-hosts" "localhost" "-no-remote" "-profile" "/tmp/rust_mozprofileYH6v2S"
*** You are running in headless mode.
console.warn: SearchSettings: "get: No settings file exists, new profile?" (new Error("", "(unknown module)"))
1661027388388	Marionette	INFO	Listening on port 36963
1661027388412	Marionette	WARN	TLS certificate errors will be ignored for this session
JavaScript error: resource://gre/modules/PartitioningExceptionListService.jsm, line 69: NS_ERROR_MALFORMED_URI: Component returned failure code: 0x804b000a (NS_ERROR_MALFORMED_URI) [nsIPartitioningExceptionListObserver.onExceptionListUpdate]
JavaScript error: http://tools.iedb.org/static/js/sequence_validation.js, line 89: TypeError: document.querySelector(...) is null
1661027424293	Marionette	INFO	Stopped listening on port 37035
1661027425218	geckodriver	INFO	Listening on 127.0.0.1:43941
1661027427181	mozrunner::runner	INFO	Running command: "/usr/bin/firefox" "--marionette" "--remote-debugging-port" "59947" "--remote-allow-hosts" "localhost" "-no-remote" "-profile" "/tmp/rust_mozprofileRi1fST"
Error: no DISPLAY environment variable specified
JavaScript error: http://tools.iedb.org/static/js/sequence_validation.js, line 89: TypeError: document.querySelector(...) is null
JavaScript error: http://tools.iedb.org/static/js/sequence_validation.js, line 89: TypeError: document.querySelector(...) is null
1661027522323	Marionette	INFO	Stopped listening on port 36963
1661027522469	geckodriver	INFO	Listening on 127.0.0.1:57671
1661027522522	mozrunner::runner	INFO	Running command: "/usr/bin/firefox" "--marionette" "-headless" "--remote-debugging-port" "53739" "--remote-allow-hosts" "localhost" "-no-remote" "-profile" "/tmp/rust_mozprofileaI2YxW"
*** You are running in headless mode.
console.warn: SearchSettings: "get: No settings file exists, new profile?" (new Error("", "(unknown module)"))
1661027526717	Marionette	INFO	Listening on port 43741
1661027526751	Marionette	WARN	TLS certificate errors will be ignored for this session
JavaScript error: resource://gre/modules/PartitioningExceptionListService.jsm, line 69: NS_ERROR_MALFORMED_URI: Component returned failure code: 0x804b000a (NS_ERROR_MALFORMED_URI) [nsIPartitioningExceptionListObserver.onExceptionListUpdate]
JavaScript error: http://tools.iedb.org/static/js/sequence_validation.js, line 89: TypeError: document.querySelector(...) is null
1661028130506	geckodriver	INFO	Listening on 127.0.0.1:44067
1661028130572	mozrunner::runner	INFO	Running command: "/usr/bin/firefox" "--marionette" "-headless" "--remote-debugging-port" "51779" "--remote-allow-hosts" "localhost" "-no-remote" "-profile" "/tmp/rust_mozprofileyDIpdh"
*** You are running in headless mode.
console.warn: SearchSettings: "get: No settings file exists, new profile?" (new Error("", "(unknown module)"))
1661028132376	Marionette	INFO	Listening on port 36389
1661028132497	Marionette	WARN	TLS certificate errors will be ignored for this session
JavaScript error: resource://gre/modules/PartitioningExceptionListService.jsm, line 69: NS_ERROR_MALFORMED_URI: Component returned failure code: 0x804b000a (NS_ERROR_MALFORMED_URI) [nsIPartitioningExceptionListObserver.onExceptionListUpdate]
JavaScript error: http://tools.iedb.org/static/js/sequence_validation.js, line 89: TypeError: document.querySelector(...) is null
JavaScript error: http://tools.iedb.org/static/js/sequence_validation.js, line 89: TypeError: document.querySelector(...) is null
JavaScript error: http://tools.iedb.org/static/js/sequence_validation.js, line 89: TypeError: document.querySelector(...) is null
1661028145688	Marionette	INFO	Stopped listening on port 36389

###!!! [Parent][RunMessage] Error: Channel closing: too late to send/recv, messages will be lost

1661028146040	geckodriver	INFO	Listening on 127.0.0.1:43919
1661028146097	mozrunner::runner	INFO	Running command: "/usr/bin/firefox" "--marionette" "-headless" "--remote-debugging-port" "47231" "--remote-allow-hosts" "localhost" "-no-remote" "-profile" "/tmp/rust_mozprofilexFgjRJ"
*** You are running in headless mode.
console.warn: SearchSettings: "get: No settings file exists, new profile?" (new Error("", "(unknown module)"))
1661028147882	Marionette	INFO	Listening on port 46643
1661028147923	Marionette	WARN	TLS certificate errors will be ignored for this session
JavaScript error: resource://gre/modules/PartitioningExceptionListService.jsm, line 69: NS_ERROR_MALFORMED_URI: Component returned failure code: 0x804b000a (NS_ERROR_MALFORMED_URI) [nsIPartitioningExceptionListObserver.onExceptionListUpdate]
JavaScript error: http://tools.iedb.org/static/js/sequence_validation.js, line 89: TypeError: document.querySelector(...) is null
JavaScript error: http://tools.iedb.org/static/js/sequence_validation.js, line 89: TypeError: document.querySelector(...) is null
JavaScript error: http://tools.iedb.org/static/js/sequence_validation.js, line 89: TypeError: document.querySelector(...) is null
1661028165734	Marionette	INFO	Stopped listening on port 46643

###!!! [Parent][RunMessage] Error: Channel closing: too late to send/recv, messages will be lost

1661028166090	geckodriver	INFO	Listening on 127.0.0.1:56561
1661028166163	mozrunner::runner	INFO	Running command: "/usr/bin/firefox" "--marionette" "-headless" "--remote-debugging-port" "37347" "--remote-allow-hosts" "localhost" "-no-remote" "-profile" "/tmp/rust_mozprofilepweLy8"
*** You are running in headless mode.
console.warn: SearchSettings: "get: No settings file exists, new profile?" (new Error("", "(unknown module)"))
1661028167967	Marionette	INFO	Listening on port 38593
1661028168084	Marionette	WARN	TLS certificate errors will be ignored for this session
JavaScript error: resource://gre/modules/PartitioningExceptionListService.jsm, line 69: NS_ERROR_MALFORMED_URI: Component returned failure code: 0x804b000a (NS_ERROR_MALFORMED_URI) [nsIPartitioningExceptionListObserver.onExceptionListUpdate]
JavaScript error: http://tools.iedb.org/static/js/sequence_validation.js, line 89: TypeError: document.querySelector(...) is null
JavaScript error: http://tools.iedb.org/static/js/sequence_validation.js, line 89: TypeError: document.querySelector(...) is null
JavaScript error: http://tools.iedb.org/static/js/sequence_validation.js, line 89: TypeError: document.querySelector(...) is null
1661028173913	Marionette	INFO	Stopped listening on port 38593

###!!! [Child][MessageChannel] Error: (msgtype=0x5A000A,name=PHttpChannel::Msg_DeletingChannel) Channel closing: too late to send/recv, messages will be lost

1661028174266	geckodriver	INFO	Listening on 127.0.0.1:44035
1661028174318	mozrunner::runner	INFO	Running command: "/usr/bin/firefox" "--marionette" "-headless" "--remote-debugging-port" "44471" "--remote-allow-hosts" "localhost" "-no-remote" "-profile" "/tmp/rust_mozprofileslvQm3"
*** You are running in headless mode.
console.warn: SearchSettings: "get: No settings file exists, new profile?" (new Error("", "(unknown module)"))
1661028176100	Marionette	INFO	Listening on port 45505
1661028176140	Marionette	WARN	TLS certificate errors will be ignored for this session
JavaScript error: resource://gre/modules/PartitioningExceptionListService.jsm, line 69: NS_ERROR_MALFORMED_URI: Component returned failure code: 0x804b000a (NS_ERROR_MALFORMED_URI) [nsIPartitioningExceptionListObserver.onExceptionListUpdate]
JavaScript error: http://tools.iedb.org/static/js/sequence_validation.js, line 89: TypeError: document.querySelector(...) is null
JavaScript error: http://tools.iedb.org/static/js/sequence_validation.js, line 89: TypeError: document.querySelector(...) is null
JavaScript error: http://tools.iedb.org/static/js/sequence_validation.js, line 89: TypeError: document.querySelector(...) is null
1661028232877	Marionette	INFO	Stopped listening on port 45505
1661028233227	geckodriver	INFO	Listening on 127.0.0.1:48817
1661028233310	mozrunner::runner	INFO	Running command: "/usr/bin/firefox" "--marionette" "-headless" "--remote-debugging-port" "49101" "--remote-allow-hosts" "localhost" "-no-remote" "-profile" "/tmp/rust_mozprofileW6FOCA"
*** You are running in headless mode.
console.warn: SearchSettings: "get: No settings file exists, new profile?" (new Error("", "(unknown module)"))
1661028235129	Marionette	INFO	Listening on port 45221
1661028235232	Marionette	WARN	TLS certificate errors will be ignored for this session
JavaScript error: resource://gre/modules/PartitioningExceptionListService.jsm, line 69: NS_ERROR_MALFORMED_URI: Component returned failure code: 0x804b000a (NS_ERROR_MALFORMED_URI) [nsIPartitioningExceptionListObserver.onExceptionListUpdate]
JavaScript error: http://tools.iedb.org/static/js/sequence_validation.js, line 89: TypeError: document.querySelector(...) is null
JavaScript error: http://tools.iedb.org/static/js/sequence_validation.js, line 89: TypeError: document.querySelector(...) is null
JavaScript error: http://tools.iedb.org/static/js/sequence_validation.js, line 89: TypeError: document.querySelector(...) is null
1661028250668	Marionette	INFO	Stopped listening on port 45221

###!!! [Parent][RunMessage] Error: Channel closing: too late to send/recv, messages will be lost

1661028251027	geckodriver	INFO	Listening on 127.0.0.1:60911
1661028251076	mozrunner::runner	INFO	Running command: "/usr/bin/firefox" "--marionette" "-headless" "--remote-debugging-port" "34989" "--remote-allow-hosts" "localhost" "-no-remote" "-profile" "/tmp/rust_mozprofilebHeXJQ"
*** You are running in headless mode.
console.warn: SearchSettings: "get: No settings file exists, new profile?" (new Error("", "(unknown module)"))
1661028252905	Marionette	INFO	Listening on port 35495
1661028253001	Marionette	WARN	TLS certificate errors will be ignored for this session
JavaScript error: resource://gre/modules/PartitioningExceptionListService.jsm, line 69: NS_ERROR_MALFORMED_URI: Component returned failure code: 0x804b000a (NS_ERROR_MALFORMED_URI) [nsIPartitioningExceptionListObserver.onExceptionListUpdate]
JavaScript error: http://tools.iedb.org/static/js/sequence_validation.js, line 89: TypeError: document.querySelector(...) is null
JavaScript error: http://tools.iedb.org/static/js/sequence_validation.js, line 89: TypeError: document.querySelector(...) is null
JavaScript error: http://tools.iedb.org/static/js/sequence_validation.js, line 89: TypeError: document.querySelector(...) is null
1661028260003	Marionette	INFO	Stopped listening on port 35495

###!!! [Parent][RunMessage] Error: Channel closing: too late to send/recv, messages will be lost


###!!! [Parent][RunMessage] Error: Channel closing: too late to send/recv, messages will be lost

1661028260358	geckodriver	INFO	Listening on 127.0.0.1:50921
1661028260413	mozrunner::runner	INFO	Running command: "/usr/bin/firefox" "--marionette" "-headless" "--remote-debugging-port" "40633" "--remote-allow-hosts" "localhost" "-no-remote" "-profile" "/tmp/rust_mozprofileK0iTfO"
*** You are running in headless mode.
console.warn: SearchSettings: "get: No settings file exists, new profile?" (new Error("", "(unknown module)"))
1661028262223	Marionette	INFO	Listening on port 44569
1661028262352	Marionette	WARN	TLS certificate errors will be ignored for this session
JavaScript error: resource://gre/modules/PartitioningExceptionListService.jsm, line 69: NS_ERROR_MALFORMED_URI: Component returned failure code: 0x804b000a (NS_ERROR_MALFORMED_URI) [nsIPartitioningExceptionListObserver.onExceptionListUpdate]
JavaScript error: http://tools.iedb.org/static/js/sequence_validation.js, line 89: TypeError: document.querySelector(...) is null
JavaScript error: http://tools.iedb.org/static/js/sequence_validation.js, line 89: TypeError: document.querySelector(...) is null
JavaScript error: http://tools.iedb.org/static/js/sequence_validation.js, line 89: TypeError: document.querySelector(...) is null
1661028271150	Marionette	INFO	Stopped listening on port 44569
1661028271513	geckodriver	INFO	Listening on 127.0.0.1:57317
1661028271565	mozrunner::runner	INFO	Running command: "/usr/bin/firefox" "--marionette" "-headless" "--remote-debugging-port" "36033" "--remote-allow-hosts" "localhost" "-no-remote" "-profile" "/tmp/rust_mozprofileuM0sGu"
*** You are running in headless mode.
console.warn: SearchSettings: "get: No settings file exists, new profile?" (new Error("", "(unknown module)"))
1661028273403	Marionette	INFO	Listening on port 43665
1661028273495	Marionette	WARN	TLS certificate errors will be ignored for this session
JavaScript error: resource://gre/modules/PartitioningExceptionListService.jsm, line 69: NS_ERROR_MALFORMED_URI: Component returned failure code: 0x804b000a (NS_ERROR_MALFORMED_URI) [nsIPartitioningExceptionListObserver.onExceptionListUpdate]
JavaScript error: http://tools.iedb.org/static/js/sequence_validation.js, line 89: TypeError: document.querySelector(...) is null
JavaScript error: http://tools.iedb.org/static/js/sequence_validation.js, line 89: TypeError: document.querySelector(...) is null
JavaScript error: http://tools.iedb.org/static/js/sequence_validation.js, line 89: TypeError: document.querySelector(...) is null
1661028285291	Marionette	INFO	Stopped listening on port 43665

###!!! [Parent][RunMessage] Error: Channel closing: too late to send/recv, messages will be lost

1661028285649	geckodriver	INFO	Listening on 127.0.0.1:35615
1661028285704	mozrunner::runner	INFO	Running command: "/usr/bin/firefox" "--marionette" "-headless" "--remote-debugging-port" "45635" "--remote-allow-hosts" "localhost" "-no-remote" "-profile" "/tmp/rust_mozprofileCP64mj"
*** You are running in headless mode.
console.warn: SearchSettings: "get: No settings file exists, new profile?" (new Error("", "(unknown module)"))
1661028287534	Marionette	INFO	Listening on port 32783
1661028287627	Marionette	WARN	TLS certificate errors will be ignored for this session
JavaScript error: resource://gre/modules/PartitioningExceptionListService.jsm, line 69: NS_ERROR_MALFORMED_URI: Component returned failure code: 0x804b000a (NS_ERROR_MALFORMED_URI) [nsIPartitioningExceptionListObserver.onExceptionListUpdate]
JavaScript error: http://tools.iedb.org/static/js/sequence_validation.js, line 89: TypeError: document.querySelector(...) is null
JavaScript error: http://tools.iedb.org/static/js/sequence_validation.js, line 89: TypeError: document.querySelector(...) is null
JavaScript error: http://tools.iedb.org/static/js/sequence_validation.js, line 89: TypeError: document.querySelector(...) is null
1661028297307	Marionette	INFO	Stopped listening on port 32783
1661028297658	geckodriver	INFO	Listening on 127.0.0.1:50897
1661028297710	mozrunner::runner	INFO	Running command: "/usr/bin/firefox" "--marionette" "-headless" "--remote-debugging-port" "56647" "--remote-allow-hosts" "localhost" "-no-remote" "-profile" "/tmp/rust_mozprofileRjglHa"
*** You are running in headless mode.
console.warn: SearchSettings: "get: No settings file exists, new profile?" (new Error("", "(unknown module)"))
1661028299541	Marionette	INFO	Listening on port 33069
1661028299634	Marionette	WARN	TLS certificate errors will be ignored for this session
JavaScript error: resource://gre/modules/PartitioningExceptionListService.jsm, line 69: NS_ERROR_MALFORMED_URI: Component returned failure code: 0x804b000a (NS_ERROR_MALFORMED_URI) [nsIPartitioningExceptionListObserver.onExceptionListUpdate]
JavaScript error: http://tools.iedb.org/static/js/sequence_validation.js, line 89: TypeError: document.querySelector(...) is null
JavaScript error: http://tools.iedb.org/static/js/sequence_validation.js, line 89: TypeError: document.querySelector(...) is null
JavaScript error: http://tools.iedb.org/static/js/sequence_validation.js, line 89: TypeError: document.querySelector(...) is null
1661028308582	Marionette	INFO	Stopped listening on port 33069
1661028308937	geckodriver	INFO	Listening on 127.0.0.1:36945
1661028308986	mozrunner::runner	INFO	Running command: "/usr/bin/firefox" "--marionette" "-headless" "--remote-debugging-port" "52091" "--remote-allow-hosts" "localhost" "-no-remote" "-profile" "/tmp/rust_mozprofileQdsTH5"
*** You are running in headless mode.
console.warn: SearchSettings: "get: No settings file exists, new profile?" (new Error("", "(unknown module)"))
1661028310799	Marionette	INFO	Listening on port 43587
1661028310912	Marionette	WARN	TLS certificate errors will be ignored for this session
JavaScript error: resource://gre/modules/PartitioningExceptionListService.jsm, line 69: NS_ERROR_MALFORMED_URI: Component returned failure code: 0x804b000a (NS_ERROR_MALFORMED_URI) [nsIPartitioningExceptionListObserver.onExceptionListUpdate]
JavaScript error: http://tools.iedb.org/static/js/sequence_validation.js, line 89: TypeError: document.querySelector(...) is null
JavaScript error: http://tools.iedb.org/static/js/sequence_validation.js, line 89: TypeError: document.querySelector(...) is null
JavaScript error: http://tools.iedb.org/static/js/sequence_validation.js, line 89: TypeError: document.querySelector(...) is null
1661028380017	Marionette	INFO	Stopped listening on port 43587
1661028380366	geckodriver	INFO	Listening on 127.0.0.1:55251
1661028380425	mozrunner::runner	INFO	Running command: "/usr/bin/firefox" "--marionette" "-headless" "--remote-debugging-port" "43163" "--remote-allow-hosts" "localhost" "-no-remote" "-profile" "/tmp/rust_mozprofile5XI3Lv"
*** You are running in headless mode.
console.warn: SearchSettings: "get: No settings file exists, new profile?" (new Error("", "(unknown module)"))
1661028382219	Marionette	INFO	Listening on port 42323
1661028382267	Marionette	WARN	TLS certificate errors will be ignored for this session
JavaScript error: resource://gre/modules/PartitioningExceptionListService.jsm, line 69: NS_ERROR_MALFORMED_URI: Component returned failure code: 0x804b000a (NS_ERROR_MALFORMED_URI) [nsIPartitioningExceptionListObserver.onExceptionListUpdate]
JavaScript error: http://tools.iedb.org/static/js/sequence_validation.js, line 89: TypeError: document.querySelector(...) is null
JavaScript error: http://tools.iedb.org/static/js/sequence_validation.js, line 89: TypeError: document.querySelector(...) is null
JavaScript error: http://tools.iedb.org/static/js/sequence_validation.js, line 89: TypeError: document.querySelector(...) is null
1661028402408	Marionette	INFO	Stopped listening on port 42323
1661028402764	geckodriver	INFO	Listening on 127.0.0.1:45997
1661028402816	mozrunner::runner	INFO	Running command: "/usr/bin/firefox" "--marionette" "-headless" "--remote-debugging-port" "36115" "--remote-allow-hosts" "localhost" "-no-remote" "-profile" "/tmp/rust_mozprofileygDxdt"
*** You are running in headless mode.
console.warn: SearchSettings: "get: No settings file exists, new profile?" (new Error("", "(unknown module)"))
1661028404611	Marionette	INFO	Listening on port 45111
1661028404646	Marionette	WARN	TLS certificate errors will be ignored for this session
JavaScript error: resource://gre/modules/PartitioningExceptionListService.jsm, line 69: NS_ERROR_MALFORMED_URI: Component returned failure code: 0x804b000a (NS_ERROR_MALFORMED_URI) [nsIPartitioningExceptionListObserver.onExceptionListUpdate]
JavaScript error: http://tools.iedb.org/static/js/sequence_validation.js, line 89: TypeError: document.querySelector(...) is null
JavaScript error: http://tools.iedb.org/static/js/sequence_validation.js, line 89: TypeError: document.querySelector(...) is null
JavaScript error: http://tools.iedb.org/static/js/sequence_validation.js, line 89: TypeError: document.querySelector(...) is null
1661028412834	Marionette	INFO	Stopped listening on port 45111

###!!! [Child][MessageChannel] Error: (msgtype=0x5A0005,name=PHttpChannel::Msg_Cancel) Channel closing: too late to send/recv, messages will be lost


###!!! [Child][MessageChannel] Error: (msgtype=0x5A000A,name=PHttpChannel::Msg_DeletingChannel) Channel closing: too late to send/recv, messages will be lost

1661096788881	geckodriver	INFO	Listening on 127.0.0.1:49247
1661096789382	mozrunner::runner	INFO	Running command: "/usr/bin/firefox" "--marionette" "-headless" "--remote-debugging-port" "46083" "--remote-allow-hosts" "localhost" "-no-remote" "-profile" "/tmp/rust_mozprofileWzhPb2"
*** You are running in headless mode.
1661096790072	Marionette	INFO	Marionette enabled
1661096790083	Marionette	INFO	Listening on port 43169
Read port: 43169
WebDriver BiDi listening on ws://localhost:46083
1661096790273	RemoteAgent	WARN	TLS certificate errors will be ignored for this session
[GFX1-]: RenderCompositorSWGL failed mapping default framebuffer, no dt
console.warn: SearchSettings: "get: No settings file exists, new profile?" (new NotFoundError("Could not open the file at /tmp/rust_mozprofileWzhPb2/search.json.mozlz4", (void 0)))
Missing chrome or resource URL: resource://gre/modules/UpdateListener.jsm
Missing chrome or resource URL: resource://gre/modules/UpdateListener.sys.mjs
DevTools listening on ws://localhost:46083/devtools/browser/f5910da0-5d74-4caf-a215-449d8b24fe40
console.warn: LoginRecipes: "getRecipes: falling back to a synchronous message for:" "https://web.expasy.org"
1661096800473	Marionette	INFO	Stopped listening on port 43169
Missing chrome or resource URL: resource://gre/modules/UpdateListener.jsm
Missing chrome or resource URL: resource://gre/modules/UpdateListener.sys.mjs
console.error: "Error during quit-application-granted: [Exception... \"File error: Not found\"  nsresult: \"0x80520012 (NS_ERROR_FILE_NOT_FOUND)\"  location: \"JS frame :: resource:///modules/BrowserGlue.jsm :: _onQuitApplicationGranted/tasks< :: line 2006\"  data: no]"
1661096801281	geckodriver	INFO	Listening on 127.0.0.1:39975
1661096801288	mozrunner::runner	INFO	Running command: "/usr/bin/firefox" "--marionette" "-headless" "--remote-debugging-port" "41069" "--remote-allow-hosts" "localhost" "-no-remote" "-profile" "/tmp/rust_mozprofilejHE33U"
*** You are running in headless mode.
1661096802009	Marionette	INFO	Marionette enabled
1661096802019	Marionette	INFO	Listening on port 45123
WebDriver BiDi listening on ws://localhost:41069
Read port: 45123
1661096802232	RemoteAgent	WARN	TLS certificate errors will be ignored for this session
[GFX1-]: RenderCompositorSWGL failed mapping default framebuffer, no dt
console.warn: SearchSettings: "get: No settings file exists, new profile?" (new NotFoundError("Could not open the file at /tmp/rust_mozprofilejHE33U/search.json.mozlz4", (void 0)))
Missing chrome or resource URL: resource://gre/modules/UpdateListener.jsm
Missing chrome or resource URL: resource://gre/modules/UpdateListener.sys.mjs
DevTools listening on ws://localhost:41069/devtools/browser/b4a3381b-6332-40eb-b399-e4b7d7eb284f
1661096805897	geckodriver	INFO	Listening on 127.0.0.1:49217
Exiting due to channel error.
Exiting due to channel error.
Exiting due to channel error.
1661096806405	mozrunner::runner	INFO	Running command: "/usr/bin/firefox" "--marionette" "-headless" "--remote-debugging-port" "36657" "--remote-allow-hosts" "localhost" "-no-remote" "-profile" "/tmp/rust_mozprofileyCQCmq"
*** You are running in headless mode.
1661096806993	Marionette	INFO	Marionette enabled
1661096807004	Marionette	INFO	Listening on port 38235
Read port: 38235
WebDriver BiDi listening on ws://localhost:36657
1661096807203	RemoteAgent	WARN	TLS certificate errors will be ignored for this session
[GFX1-]: RenderCompositorSWGL failed mapping default framebuffer, no dt
console.warn: SearchSettings: "get: No settings file exists, new profile?" (new NotFoundError("Could not open the file at /tmp/rust_mozprofileyCQCmq/search.json.mozlz4", (void 0)))
1661096894519	geckodriver	INFO	Listening on 127.0.0.1:48211
1661096895026	mozrunner::runner	INFO	Running command: "/usr/bin/firefox" "--marionette" "--remote-debugging-port" "53155" "--remote-allow-hosts" "localhost" "-no-remote" "-profile" "/tmp/rust_mozprofilenXX7vJ"
1661096896140	Marionette	INFO	Marionette enabled
1661096896150	Marionette	INFO	Listening on port 36803
WebDriver BiDi listening on ws://localhost:53155
Read port: 36803
1661096896343	RemoteAgent	WARN	TLS certificate errors will be ignored for this session
console.warn: SearchSettings: "get: No settings file exists, new profile?" (new NotFoundError("Could not open the file at /tmp/rust_mozprofilenXX7vJ/search.json.mozlz4", (void 0)))
Missing chrome or resource URL: resource://gre/modules/UpdateListener.jsm
Missing chrome or resource URL: resource://gre/modules/UpdateListener.sys.mjs
DevTools listening on ws://localhost:53155/devtools/browser/9bf2a413-9c16-4f30-8857-8db8d36d92d9
console.warn: LoginRecipes: "getRecipes: falling back to a synchronous message for:" "https://web.expasy.org"
1661096913073	Marionette	INFO	Stopped listening on port 36803
Missing chrome or resource URL: resource://gre/modules/UpdateListener.jsm
Missing chrome or resource URL: resource://gre/modules/UpdateListener.sys.mjs
console.error: "Error during quit-application-granted: [Exception... \"File error: Not found\"  nsresult: \"0x80520012 (NS_ERROR_FILE_NOT_FOUND)\"  location: \"JS frame :: resource:///modules/BrowserGlue.jsm :: _onQuitApplicationGranted/tasks< :: line 2006\"  data: no]"
1661096913966	geckodriver	INFO	Listening on 127.0.0.1:49415
1661096913976	mozrunner::runner	INFO	Running command: "/usr/bin/firefox" "--marionette" "--remote-debugging-port" "43261" "--remote-allow-hosts" "localhost" "-no-remote" "-profile" "/tmp/rust_mozprofileLyYnJS"
1661096915123	Marionette	INFO	Marionette enabled
1661096915132	Marionette	INFO	Listening on port 38735
WebDriver BiDi listening on ws://localhost:43261
Read port: 38735
1661096915340	RemoteAgent	WARN	TLS certificate errors will be ignored for this session
console.warn: SearchSettings: "get: No settings file exists, new profile?" (new NotFoundError("Could not open the file at /tmp/rust_mozprofileLyYnJS/search.json.mozlz4", (void 0)))
Missing chrome or resource URL: resource://gre/modules/UpdateListener.jsm
Missing chrome or resource URL: resource://gre/modules/UpdateListener.sys.mjs
DevTools listening on ws://localhost:43261/devtools/browser/ace1f637-1b7a-4077-96b1-12e09fc90305
